2018-01-07 11:31:08,724 load_data.py[line:81] INFO: [Processor 9] gets rati2018-01-07 11:31:15,297 dsgd.py[line:58] INFO: [Processor 0] Init finished!
2018-01-07 11:31:17,036 dsgd.py[line:152] INFO: [Processor 0] Start 0 iteration ...
2018-01-07 11:31:20,811 dsgd2018-01-07 11:35:53,157 dsgd.py[line:184] INFO: [Processor 9] Start to save results into files
2018-02018-01-07 11:35:56,586 dsgd.py[line:187] INFO: [Processor 12] Finish to save results into files
sor 0] Finished 1 iteration ...
2018-01-07 11:31:24,390 dsgd.py[line:152] INFO: [Processor 0] Start 2 iteration ...
2018-01-07 11:31:27,914 dsgd.py[line:174] INFO: [Processor 0] Finished 2 iteration ...
2018-01-07 11:31:27,915 dsgd.py[line:152] INFO: [Processor 0] Start 3 iteration ...
2018-01-07 11:31:31,455 dsgd.py[line:174] INFO: [Processor 0] Finished 3 iteration ...
2018-01-07 11:31:31,455 dsgd.py[line:152] INFO: [Processor 0] Start 4 iteration ...
2018-01-07 11:31:35,106 dsgd.py[line:174] INFO: [Processor 0] Finished 4 iteration ...
2018-01-07 11:31:35,106 dsgd.py[line:152] INFO: [Processor 0] Start 5 iteration ...
2018-01-07 11:31:38,679 dsgd.py[line:174] INFO: [Processor 0] Finished 5 iteration ...
2018-01-07 11:31:38,679 dsgd.py[line:152] INFO: [Processor 0] Start 6 iteration ...
2018-01-07 11:31:42,617 dsgd.py[line:174] INFO: [Processor 0] Finished 6 iteration ...
2018-01-07 11:31:42,617 dsgd.py[line:152] INFO: [Processor 0] Start 7 iteration ...
2018-01-07 11:31:46,299 dsgd.py[line:174] INFO: [Processor 0] Finished 7 iteration ...
2018-01-07 11:31:46,300 dsgd.py[line:152] INFO: [Processor 0] Start 8 iteration ...
2018-01-07 11:31:49,752 dsgd.py[line:174] INFO: [Processor 0] Finished 8 iteration ...
2018-01-07 11:31:49,753 dsgd.py[line:152] INFO: [Processor 0] Start 9 iteration ...
2018-01-07 11:31:53,368 dsgd.py[line:174] INFO: [Processor 0] Finished 9 iteration ...
2018-01-07 11:31:53,368 dsgd.py[line:152] INFO: [Processor 0] Start 10 iteration ...
2018-01-07 11:31:56,777 dsgd.py[line:174] INFO: [Processor 0] Finished 10 iteration ...
2018-01-07 11:31:56,778 dsgd.py[line:152] INFO: [Processor 0] Start 11 iteration ...
2018-01-07 11:32:00,549 dsgd.py[line:167] INFO: [Processor 0] Superstep 0 loss is 4.161379
2018-01-07 11:32:00,549 dsgd.py[line:174] INFO: [Processor 0] Finished 11 iteration ...
2018-01-07 11:32:00,550 dsgd.py[line:152] INFO: [Processor 0] Start 12 iteration ...
2018-01-07 11:32:04,248 dsgd.py[line:174] INFO: [Processor 0] Finished 12 iteration ...
2018-01-07 11:32:04,249 dsgd.py[line:152] INFO: [Processor 0] Start 13 iteration ...
2018-01-07 11:32:07,873 dsgd.py[line:174] INFO: [Processor 0] Finished 13 iteration ...
2018-01-07 11:32:07,873 dsgd.py[line:152] INFO: [Processor 0] Start 14 iteration ...
2018-01-07 11:32:11,413 dsgd.py[line:174] INFO: [Processor 0] Finished 14 iteration ...
2018-01-07 11:32:11,414 dsgd.py[line:152] INFO: [Processor 0] Start 15 iteration ...
2018-01-07 11:32:15,044 dsgd.py[line:174] INFO: [Processor 0] Finished 15 iteration ...
2018-01-07 11:32:15,045 dsgd.py[line:152] INFO: [Processor 0] Start 16 iteration ...
2018-01-07 11:32:18,672 dsgd.py[line:174] INFO: [Processor 0] Finished 16 iteration ...
2018-01-07 11:32:18,673 dsgd.py[line:152] INFO: [Processor 0] Start 17 iteration ...
2018-01-07 11:32:22,352 dsgd.py[line:174] INFO: [Processor 0] Finished 17 iteration ...
2018-01-07 11:32:22,353 dsgd.py[line:152] INFO: [Processor 0] Start 18 iteration ...
2018-01-07 11:32:26,269 dsgd.py[line:174] INFO: [Processor 0] Finished 18 iteration ...
2018-01-07 11:32:26,269 dsgd.py[line:152] INFO: [Processor 0] Start 19 iteration ...
2018-01-07 11:32:29,977 dsgd.py[line:174] INFO: [Processor 0] Finished 19 iteration ...
2018-01-07 11:32:29,977 dsgd.py[line:152] INFO: [Processor 0] Start 20 iteration ...
2018-01-07 11:32:33,440 dsgd.py[line:174] INFO: [Processor 0] Finished 20 iteration ...
2018-01-07 11:32:33,441 dsgd.py[line:152] INFO: [Processor 0] Start 21 iteration ...
2018-01-07 11:32:37,044 dsgd.py[line:174] INFO: [Processor 0] Finished 21 iteration ...
2018-01-07 11:32:37,045 dsgd.py[line:152] INFO: [Processor 0] Start 22 iteration ...
2018-01-07 11:32:40,510 dsgd.py[line:174] INFO: [Processor 0] Finished 22 iteration ...
2018-01-07 11:32:40,511 dsgd.py[line:152] INFO: [Processor 0] Start 23 iteration ...
2018-01-07 11:32:44,264 dsgd.py[line:167] INFO: [Processor 0] Superstep 1 loss is 3.937243
2018-01-07 11:32:44,264 dsgd.py[line:174] INFO: [Processor 0] Finished 23 iteration ...
2018-01-07 11:32:44,265 dsgd.py[line:152] INFO: [Processor 0] Start 24 iteration ...
2018-01-07 11:32:48,060 dsgd.py[line:174] INFO: [Processor 0] Finished 24 iteration ...
2018-01-07 11:32:48,061 dsgd.py[line:152] INFO: [Processor 0] Start 25 iteration ...
2018-01-07 11:32:51,631 dsgd.py[line:174] INFO: [Processor 0] Finished 25 iteration ...
2018-01-07 11:32:51,631 dsgd.py[line:152] INFO: [Processor 0] Start 26 iteration ...
2018-01-07 11:32:55,239 dsgd.py[line:174] INFO: [Processor 0] Finished 26 iteration ...
2018-01-07 11:32:55,239 dsgd.py[line:152] INFO: [Processor 0] Start 27 iteration ...
2018-01-07 11:32:58,876 dsgd.py[line:174] INFO: [Processor 0] Finished 27 iteration ...
2018-01-07 11:32:58,877 dsgd.py[line:152] INFO: [Processor 0] Start 28 iteration ...
2018-01-07 11:33:02,506 dsgd.py[line:174] INFO: [Processor 0] Finished 28 iteration ...
2018-01-07 11:33:02,507 dsgd.py[line:152] INFO: [Processor 0] Start 29 iteration ...
2018-01-07 11:33:06,132 dsgd.py[line:174] INFO: [Processor 0] Finished 29 iteration ...
2018-01-07 11:33:06,133 dsgd.py[line:152] INFO: [Processor 0] Start 30 iteration ...
2018-01-07 11:33:10,097 dsgd.py[line:174] INFO: [Processor 0] Finished 30 iteration ...
2018-01-07 11:33:10,097 dsgd.py[line:152] INFO: [Processor 0] Start 31 iteration ...
2018-01-07 11:33:13,864 dsgd.py[line:174] INFO: [Processor 0] Finished 31 iteration ...
2018-01-07 11:33:13,865 dsgd.py[line:152] INFO: [Processor 0] Start 32 iteration ...
2018-01-07 11:33:17,343 dsgd.py[line:174] INFO: [Processor 0] Finished 32 iteration ...
2018-01-07 11:33:17,343 dsgd.py[line:152] INFO: [Processor 0] Start 33 iteration ...
2018-01-07 11:33:21,044 dsgd.py[line:174] INFO: [Processor 0] Finished 33 iteration ...
2018-01-07 11:33:21,044 dsgd.py[line:152] INFO: [Processor 0] Start 34 iteration ...
2018-01-07 11:33:24,464 dsgd.py[line:174] INFO: [Processor 0] Finished 34 iteration ...
2018-01-07 11:33:24,465 dsgd.py[line:152] INFO: [Processor 0] Start 35 iteration ...
2018-01-07 11:33:28,247 dsgd.py[line:167] INFO: [Processor 0] Superstep 2 loss is 3.689717
2018-01-07 11:33:28,247 dsgd.py[line:174] INFO: [Processor 0] Finished 35 iteration ...
2018-01-07 11:33:28,248 dsgd.py[line:152] INFO: [Processor 0] Start 36 iteration ...
2018-01-07 11:33:31,998 dsgd.py[line:174] INFO: [Processor 0] Finished 36 iteration ...
2018-01-07 11:33:31,998 dsgd.py[line:152] INFO: [Processor 0] Start 37 iteration ...
2018-01-07 11:33:35,541 dsgd.py[line:174] INFO: [Processor 0] Finished 37 iteration ...
2018-01-07 11:33:35,541 dsgd.py[line:152] INFO: [Processor 0] Start 38 iteration ...
2018-01-07 11:33:39,100 dsgd.py[line:174] INFO: [Processor 0] Finished 38 iteration ...
2018-01-07 11:33:39,100 dsgd.py[line:152] INFO: [Processor 0] Start 39 iteration ...
2018-01-07 11:33:44,152 dsgd.py[line:174] INFO: [Processor 0] Finished 39 iteration ...
2018-01-07 11:33:44,153 dsgd.py[line:152] INFO: [Processor 0] Start 40 iteration ...
2018-01-07 11:33:50,355 dsgd.py[line:174] INFO: [Processor 0] Finished 40 iteration ...
2018-01-07 11:33:50,355 dsgd.py[line:152] INFO: [Processor 0] Start 41 iteration ...
2018-01-07 11:33:56,531 dsgd.py[line:174] INFO: [Processor 0] Finished 41 iteration ...
2018-01-07 11:33:56,531 dsgd.py[line:152] INFO: [Processor 0] Start 42 iteration ...
2018-01-07 11:34:02,763 dsgd.py[line:174] INFO: [Processor 0] Finished 42 iteration ...
2018-01-07 11:34:02,764 dsgd.py[line:152] INFO: [Processor 0] Start 43 iteration ...
2018-01-07 11:34:09,430 dsgd.py[line:174] INFO: [Processor 0] Finished 43 iteration ...
2018-01-07 11:34:09,431 dsgd.py[line:152] INFO: [Processor 0] Start 44 iteration ...
2018-01-07 11:34:15,779 dsgd.py[line:174] INFO: [Processor 0] Finished 44 iteration ...
2018-01-07 11:34:15,779 dsgd.py[line:152] INFO: [Processor 0] Start 45 iteration ...
2018-01-07 11:34:21,604 dsgd.py[line:174] INFO: [Processor 0] Finished 45 iteration ...
2018-01-07 11:34:21,605 dsgd.py[line:152] INFO: [Processor 0] Start 46 iteration ...
2018-01-07 11:34:27,833 dsgd.py[line:174] INFO: [Processor 0] Finished 46 iteration ...
2018-01-07 11:34:27,833 dsgd.py[line:152] INFO: [Processor 0] Start 47 iteration ...
2018-01-07 11:34:34,152 dsgd.py[line:167] INFO: [Processor 0] Superstep 3 loss is 3.272953
2018-01-07 11:34:34,152 dsgd.py[line:174] INFO: [Processor 0] Finished 47 iteration ...
2018-01-07 11:34:34,154 dsgd.py[line:152] INFO: [Processor 0] Start 48 iteration ...
2018-01-07 11:34:40,693 dsgd.py[line:174] INFO: [Processor 0] Finished 48 iteration ...
2018-01-07 11:34:40,694 dsgd.py[line:152] INFO: [Processor 0] Start 49 iteration ...
2018-01-07 11:34:47,562 dsgd.py[line:174] INFO: [Processor 0] Finished 49 iteration ...
2018-01-07 11:34:47,563 dsgd.py[line:152] INFO: [Processor 0] Start 50 iteration ...
2018-01-07 11:34:54,147 dsgd.py[line:174] INFO: [Processor 0] Finished 50 iteration ...
2018-01-07 11:34:54,147 dsgd.py[line:152] INFO: [Processor 0] Start 51 iteration ...
2018-01-07 11:35:00,657 dsgd.py[line:174] INFO: [Processor 0] Finished 51 iteration ...
2018-01-07 11:35:00,658 dsgd.py[line:152] INFO: [Processor 0] Start 52 iteration ...
2018-01-07 11:35:07,770 dsgd.py[line:174] INFO: [Processor 0] Finished 52 iteration ...
2018-01-07 11:35:07,771 dsgd.py[line:152] INFO: [Processor 0] Start 53 iteration ...
2018-01-07 11:35:14,467 dsgd.py[line:174] INFO: [Processor 0] Finished 53 iteration ...
2018-01-07 11:35:14,468 dsgd.py[line:152] INFO: [Processor 0] Start 54 iteration ...
2018-01-07 11:35:20,972 dsgd.py[line:174] INFO: [Processor 0] Finished 54 iteration ...
2018-01-07 11:35:20,973 dsgd.py[line:152] INFO: [Processor 0] Start 55 iteration ...
2018-01-07 11:35:27,545 dsgd.py[line:174] INFO: [Processor 0] Finished 55 iteration ...
2018-01-07 11:35:27,545 dsgd.py[line:152] INFO: [Processor 0] Start 56 iteration ...
2018-01-07 11:35:33,869 dsgd.py[line:174] INFO: [Processor 0] Finished 56 iteration ...
2018-01-07 11:35:33,870 dsgd.py[line:152] INFO: [Processor 0] Start 57 iteration ...
2018-01-07 11:35:40,515 dsgd.py[line:174] INFO: [Processor 0] Finished 57 iteration ...
2018-01-07 11:35:40,516 dsgd.py[line:152] INFO: [Processor 0] Start 58 iteration ...
2018-01-07 11:35:46,819 dsgd.py[line:174] INFO: [Processor 0] Finished 58 iteration ...
2018-01-07 11:35:46,820 dsgd.py[line:152] INFO: [Processor 0] Start 59 iteration ...
2018-01-07 11:35:53,155 dsgd.py[line:167] INFO: [Processor 0] Superstep 4 loss is 2.809807
2018-01-07 11:35:53,156 dsgd.py[line:174] INFO: [Processor 0] Finished 59 iteration ...
2018-01-07 11:35:53,157 dsgd.py[line:182] INFO: [Processor 0] Finished all iterations and Start to save results.
2018-01-07 11:35:53,158 dsgd.py[line:184] INFO: [Processor 0] Start to save results into files
2018-01-07 11:35:53,158 dsgd.py[line:187] INFO: [Processor 0] Finish to save results into files
2018-01-07 11:35:53,165 main.py[line:61] INFO: [DSGD] load data time: 6.624890089035034s
2018-01-07 11:35:53,166 main.py[line:62] INFO: [DSGD] run time: 277.86807322502136s
